06-30 02:17:15 com_github_MitjaNemec_PlaceFootprints.action_place_footprints 647:Plugin executed on: 'win32'
06-30 02:17:15 com_github_MitjaNemec_PlaceFootprints.action_place_footprints 648:Plugin executed with python version: '3.11.5 (main, May 10 2024, 05:24:12) [MSC v.1939 64 bit (AMD64)]'
06-30 02:17:15 com_github_MitjaNemec_PlaceFootprints.action_place_footprints 649:KiCad build version: 8.0.3
06-30 02:17:15 com_github_MitjaNemec_PlaceFootprints.action_place_footprints 650:Plugin version: 3.0.0
06-30 02:17:15 com_github_MitjaNemec_PlaceFootprints.action_place_footprints 651:Frame repr: <wx._core.Frame object at 0x00000239A379BD00>
06-30 02:17:15 com_github_MitjaNemec_PlaceFootprints.place_footprints 121:getting a list of all footprints on board
06-30 02:17:15 com_github_MitjaNemec_PlaceFootprints.place_footprints 156:Footprint R14 on root level
06-30 02:17:15 com_github_MitjaNemec_PlaceFootprints.place_footprints 156:Footprint R13 on root level
06-30 02:17:15 com_github_MitjaNemec_PlaceFootprints.place_footprints 156:Footprint R12 on root level
06-30 02:17:15 com_github_MitjaNemec_PlaceFootprints.place_footprints 156:Footprint R11 on root level
06-30 02:17:15 com_github_MitjaNemec_PlaceFootprints.place_footprints 156:Footprint R10 on root level
06-30 02:17:15 com_github_MitjaNemec_PlaceFootprints.place_footprints 156:Footprint R9 on root level
06-30 02:17:15 com_github_MitjaNemec_PlaceFootprints.place_footprints 156:Footprint R8 on root level
06-30 02:17:15 com_github_MitjaNemec_PlaceFootprints.place_footprints 156:Footprint R7 on root level
06-30 02:17:15 com_github_MitjaNemec_PlaceFootprints.place_footprints 156:Footprint R6 on root level
06-30 02:17:15 com_github_MitjaNemec_PlaceFootprints.place_footprints 156:Footprint R5 on root level
06-30 02:17:15 com_github_MitjaNemec_PlaceFootprints.place_footprints 156:Footprint R4 on root level
06-30 02:17:15 com_github_MitjaNemec_PlaceFootprints.place_footprints 156:Footprint R3 on root level
06-30 02:17:15 com_github_MitjaNemec_PlaceFootprints.place_footprints 156:Footprint R2 on root level
06-30 02:17:15 com_github_MitjaNemec_PlaceFootprints.place_footprints 156:Footprint R1 on root level
06-30 02:17:15 com_github_MitjaNemec_PlaceFootprints.place_footprints 156:Footprint J8 on root level
06-30 02:17:15 com_github_MitjaNemec_PlaceFootprints.place_footprints 156:Footprint J7 on root level
06-30 02:17:15 com_github_MitjaNemec_PlaceFootprints.place_footprints 156:Footprint J6 on root level
06-30 02:17:15 com_github_MitjaNemec_PlaceFootprints.place_footprints 156:Footprint J5 on root level
06-30 02:17:15 com_github_MitjaNemec_PlaceFootprints.place_footprints 156:Footprint J4 on root level
06-30 02:17:15 com_github_MitjaNemec_PlaceFootprints.place_footprints 156:Footprint J3 on root level
06-30 02:17:15 com_github_MitjaNemec_PlaceFootprints.place_footprints 156:Footprint J2 on root level
06-30 02:17:15 com_github_MitjaNemec_PlaceFootprints.place_footprints 156:Footprint J1 on root level
06-30 02:17:15 com_github_MitjaNemec_PlaceFootprints.place_footprints 156:Footprint D28 on root level
06-30 02:17:15 com_github_MitjaNemec_PlaceFootprints.place_footprints 156:Footprint D27 on root level
06-30 02:17:15 com_github_MitjaNemec_PlaceFootprints.place_footprints 156:Footprint D26 on root level
06-30 02:17:15 com_github_MitjaNemec_PlaceFootprints.place_footprints 156:Footprint D25 on root level
06-30 02:17:15 com_github_MitjaNemec_PlaceFootprints.place_footprints 156:Footprint D24 on root level
06-30 02:17:15 com_github_MitjaNemec_PlaceFootprints.place_footprints 156:Footprint D23 on root level
06-30 02:17:15 com_github_MitjaNemec_PlaceFootprints.place_footprints 156:Footprint D22 on root level
06-30 02:17:15 com_github_MitjaNemec_PlaceFootprints.place_footprints 156:Footprint D21 on root level
06-30 02:17:15 com_github_MitjaNemec_PlaceFootprints.place_footprints 156:Footprint D20 on root level
06-30 02:17:15 com_github_MitjaNemec_PlaceFootprints.place_footprints 156:Footprint D19 on root level
06-30 02:17:15 com_github_MitjaNemec_PlaceFootprints.place_footprints 156:Footprint D18 on root level
06-30 02:17:15 com_github_MitjaNemec_PlaceFootprints.place_footprints 156:Footprint D17 on root level
06-30 02:17:15 com_github_MitjaNemec_PlaceFootprints.place_footprints 156:Footprint D16 on root level
06-30 02:17:15 com_github_MitjaNemec_PlaceFootprints.place_footprints 156:Footprint D15 on root level
06-30 02:17:15 com_github_MitjaNemec_PlaceFootprints.place_footprints 156:Footprint D14 on root level
06-30 02:17:15 com_github_MitjaNemec_PlaceFootprints.place_footprints 156:Footprint D13 on root level
06-30 02:17:15 com_github_MitjaNemec_PlaceFootprints.place_footprints 156:Footprint D12 on root level
06-30 02:17:15 com_github_MitjaNemec_PlaceFootprints.place_footprints 156:Footprint D11 on root level
06-30 02:17:15 com_github_MitjaNemec_PlaceFootprints.place_footprints 156:Footprint D10 on root level
06-30 02:17:15 com_github_MitjaNemec_PlaceFootprints.place_footprints 156:Footprint D9 on root level
06-30 02:17:15 com_github_MitjaNemec_PlaceFootprints.place_footprints 156:Footprint D8 on root level
06-30 02:17:15 com_github_MitjaNemec_PlaceFootprints.place_footprints 156:Footprint D7 on root level
06-30 02:17:15 com_github_MitjaNemec_PlaceFootprints.place_footprints 156:Footprint D6 on root level
06-30 02:17:15 com_github_MitjaNemec_PlaceFootprints.place_footprints 156:Footprint D5 on root level
06-30 02:17:15 com_github_MitjaNemec_PlaceFootprints.place_footprints 156:Footprint D4 on root level
06-30 02:17:15 com_github_MitjaNemec_PlaceFootprints.place_footprints 156:Footprint D3 on root level
06-30 02:17:15 com_github_MitjaNemec_PlaceFootprints.place_footprints 156:Footprint D2 on root level
06-30 02:17:15 com_github_MitjaNemec_PlaceFootprints.place_footprints 156:Footprint D1 on root level
06-30 02:17:16 com_github_MitjaNemec_PlaceFootprints.action_place_footprints 830:Reference designator is: D
06-30 02:17:16 com_github_MitjaNemec_PlaceFootprints.action_place_footprints 831:Reference number is: 1
06-30 02:17:16 com_github_MitjaNemec_PlaceFootprints.action_place_footprints 863:Sorted and filtered list:
['D1', 'D2', 'D3', 'D4', 'D5', 'D6', 'D7', 'D8', 'D9', 'D10', 'D11', 'D12', 'D13', 'D14', 'D15', 'D16', 'D17', 'D18', 'D19', 'D20', 'D21', 'D22', 'D23', 'D24', 'D25', 'D26', 'D27', 'D28']
06-30 02:17:16 com_github_MitjaNemec_PlaceFootprints.action_place_footprints 359:wx.Colour(240, 240, 240, 255)
06-30 02:17:20 com_github_MitjaNemec_PlaceFootprints.action_place_footprints 490:'19'
06-30 02:17:20 com_github_MitjaNemec_PlaceFootprints.action_place_footprints 549:Preparing config for reference matrix
06-30 02:17:20 com_github_MitjaNemec_PlaceFootprints.action_place_footprints 556:Saving config file
06-30 02:17:20 com_github_MitjaNemec_PlaceFootprints.action_place_footprints 558:Saved the config file
06-30 02:17:20 com_github_MitjaNemec_PlaceFootprints.action_place_footprints 901:Footprints to place:
['D1', 'D2', 'D3', 'D4', 'D5', 'D6', 'D7', 'D8', 'D9', 'D10', 'D11', 'D12', 'D13', 'D14', 'D15', 'D16', 'D17', 'D18', 'D19', 'D20', 'D21', 'D22', 'D23', 'D24', 'D25', 'D26', 'D27', 'D28']
06-30 02:17:20 com_github_MitjaNemec_PlaceFootprints.place_footprints 398:Starting placing with matrix layout
06-30 02:17:20 com_github_MitjaNemec_PlaceFootprints.action_place_footprints 971:Placing complete
